<?xml version="1.0" encoding="UTF-8"?>
<!-- Generated by org.testng.reporters.JUnitReportReporter -->
<testsuite hostname="dasg16" failures="0" tests="1" name="com.das.validation.TestService" time="6.102" errors="0" timestamp="2023-07-11T07:24:44 EDT" skipped="0">
  <testcase classname="com.das.validation.TestService" name="testService2" time="6.102"/>
  <system-out/>
</testsuite> <!-- com.das.validation.TestService -->
