<?xml version="1.0" encoding="UTF-8"?>
<!-- Generated by org.testng.reporters.JUnitReportReporter -->
<testsuite hostname="dasg16" failures="0" tests="1" name="com.das.validation.Appiumbasic" time="19.231" errors="0" timestamp="2023-07-09T16:44:08 EDT" skipped="0">
  <testcase classname="com.das.validation.Appiumbasic" name="WifiSettingsName" time="19.231"/>
  <system-out/>
</testsuite> <!-- com.das.validation.Appiumbasic -->
