<?xml version="1.0" encoding="UTF-8"?>
<!-- Generated by org.testng.reporters.JUnitReportReporter -->
<testsuite hostname="dasg16" failures="0" tests="2" name="com.das.validation.ECommerceValidation" time="269.298" errors="0" timestamp="2023-07-17T08:48:58 EDT" skipped="0">
  <testcase classname="com.das.validation.ECommerceValidation" name="FillForm" time="131.687"/>
  <system-out/>
  <testcase classname="com.das.validation.ECommerceValidation" name="FillForm" time="137.611"/>
  <system-out/>
</testsuite> <!-- com.das.validation.ECommerceValidation -->
