<?xml version="1.0" encoding="UTF-8"?>
<!-- Generated by org.testng.reporters.JUnitReportReporter -->
<testsuite hostname="dasg16" failures="0" tests="4" name="com.das.validation.ECommerceValidationExcell" time="175.262" errors="0" timestamp="2023-07-20T21:44:02 EDT" skipped="0">
  <testcase classname="com.das.validation.ECommerceValidationExcell" name="FillForm" time="57.564"/>
  <system-out/>
  <testcase classname="com.das.validation.ECommerceValidationExcell" name="FillForm" time="54.965"/>
  <system-out/>
  <testcase classname="com.das.validation.ECommerceValidationExcell" name="FillForm" time="29.779"/>
  <system-out/>
  <testcase classname="com.das.validation.ECommerceValidationExcell" name="FillForm" time="32.954"/>
  <system-out/>
</testsuite> <!-- com.das.validation.ECommerceValidationExcell -->
