<?xml version="1.0" encoding="UTF-8"?>
<!-- Generated by org.testng.reporters.JUnitReportReporter -->
<testsuite hostname="DESKTOP-L6N98KA" failures="0" tests="1" name="com.das.base.TestCheck" time="15.547" errors="0" timestamp="2023-06-29T09:56:13 EDT" skipped="0">
  <testcase classname="com.das.base.TestCheck" name="WifiSettingsName" time="15.547"/>
  <system-out/>
</testsuite> <!-- com.das.base.TestCheck -->
