<?xml version="1.0" encoding="UTF-8"?>
<!-- Generated by org.testng.reporters.JUnitReportReporter -->
<testsuite hostname="dasg16" failures="0" tests="2" name="com.das.validation.ECommerceValidation" time="47.474" errors="0" timestamp="2023-07-19T22:36:19 EDT" skipped="0">
  <testcase classname="com.das.validation.ECommerceValidation" name="FillForm" time="25.889"/>
  <system-out/>
  <testcase classname="com.das.validation.ECommerceValidation" name="FillForm" time="21.585"/>
  <system-out/>
</testsuite> <!-- com.das.validation.ECommerceValidation -->
