<?xml version="1.0" encoding="UTF-8"?>
<!-- Generated by org.testng.reporters.JUnitReportReporter -->
<testsuite hostname="dasg16" failures="0" tests="2" name="com.das.validation.ECommerceValidation" time="83.294" errors="0" timestamp="2023-07-20T19:00:13 EDT" skipped="0">
  <testcase classname="com.das.validation.ECommerceValidation" name="FillForm" time="39.419"/>
  <system-out/>
  <testcase classname="com.das.validation.ECommerceValidation" name="FillForm" time="43.875"/>
  <system-out/>
</testsuite> <!-- com.das.validation.ECommerceValidation -->
