<?xml version="1.0" encoding="UTF-8"?>
<!-- Generated by org.testng.reporters.JUnitReportReporter -->
<testsuite hostname="dasg16" failures="0" tests="4" name="com.das.validation.ECommerceValidationExcell" time="115.512" errors="0" timestamp="2023-07-11T07:56:50 EDT" skipped="0">
  <testcase classname="com.das.validation.ECommerceValidationExcell" name="FillForm" time="28.674"/>
  <system-out/>
  <testcase classname="com.das.validation.ECommerceValidationExcell" name="FillForm" time="26.254"/>
  <system-out/>
  <testcase classname="com.das.validation.ECommerceValidationExcell" name="FillForm" time="33.005"/>
  <system-out/>
  <testcase classname="com.das.validation.ECommerceValidationExcell" name="FillForm" time="27.579"/>
  <system-out/>
</testsuite> <!-- com.das.validation.ECommerceValidationExcell -->
