<?xml version="1.0" encoding="UTF-8"?>
<!-- Generated by org.testng.reporters.JUnitReportReporter -->
<testsuite hostname="dasg16" failures="0" tests="4" name="com.das.validation.ECommerceValidationExcell" time="363.807" errors="0" timestamp="2023-07-17T20:53:49 EDT" skipped="0">
  <testcase classname="com.das.validation.ECommerceValidationExcell" name="FillForm" time="74.902"/>
  <system-out/>
  <testcase classname="com.das.validation.ECommerceValidationExcell" name="FillForm" time="78.503"/>
  <system-out/>
  <testcase classname="com.das.validation.ECommerceValidationExcell" name="FillForm" time="93.316"/>
  <system-out/>
  <testcase classname="com.das.validation.ECommerceValidationExcell" name="FillForm" time="117.086"/>
  <system-out/>
</testsuite> <!-- com.das.validation.ECommerceValidationExcell -->
