<?xml version="1.0" encoding="UTF-8"?>
<!-- Generated by org.testng.reporters.JUnitReportReporter -->
<testsuite hostname="dasg16" failures="0" tests="1" name="com.das.base.Appiumbasic" time="8.525" errors="0" timestamp="2023-07-09T15:47:27 EDT" skipped="0">
  <testcase classname="com.das.base.Appiumbasic" name="WifiSettingsName" time="8.525"/>
  <system-out/>
</testsuite> <!-- com.das.base.Appiumbasic -->
