<?xml version="1.0" encoding="UTF-8"?>
<!-- Generated by org.testng.reporters.JUnitReportReporter -->
<testsuite hostname="dasg16" failures="0" tests="4" name="com.das.validation.ECommerceValidationExcell" time="142.878" errors="0" timestamp="2023-07-19T23:31:22 EDT" skipped="0">
  <testcase classname="com.das.validation.ECommerceValidationExcell" name="FillForm" time="47.140"/>
  <system-out/>
  <testcase classname="com.das.validation.ECommerceValidationExcell" name="FillForm" time="46.668"/>
  <system-out/>
  <testcase classname="com.das.validation.ECommerceValidationExcell" name="FillForm" time="25.520"/>
  <system-out/>
  <testcase classname="com.das.validation.ECommerceValidationExcell" name="FillForm" time="23.550"/>
  <system-out/>
</testsuite> <!-- com.das.validation.ECommerceValidationExcell -->
