<?xml version="1.0" encoding="UTF-8"?>
<!-- Generated by org.testng.reporters.JUnitReportReporter -->
<testsuite hostname="dasg16" failures="0" tests="4" name="com.das.validation.ECommerceValidationExcell" time="223.065" errors="0" timestamp="2023-07-18T22:35:33 EDT" skipped="0">
  <testcase classname="com.das.validation.ECommerceValidationExcell" name="FillForm" time="39.821"/>
  <system-out/>
  <testcase classname="com.das.validation.ECommerceValidationExcell" name="FillForm" time="44.806"/>
  <system-out/>
  <testcase classname="com.das.validation.ECommerceValidationExcell" name="FillForm" time="46.870"/>
  <system-out/>
  <testcase classname="com.das.validation.ECommerceValidationExcell" name="FillForm" time="91.568"/>
  <system-out/>
</testsuite> <!-- com.das.validation.ECommerceValidationExcell -->
