<?xml version="1.0" encoding="UTF-8"?>
<!-- Generated by org.testng.reporters.JUnitReportReporter -->
<testsuite hostname="dasg16" failures="0" tests="2" name="com.das.validation.ECommerceValidation" time="64.265" errors="0" timestamp="2023-07-18T22:29:37 EDT" skipped="0">
  <testcase classname="com.das.validation.ECommerceValidation" name="FillForm" time="29.273"/>
  <system-out/>
  <testcase classname="com.das.validation.ECommerceValidation" name="FillForm" time="34.992"/>
  <system-out/>
</testsuite> <!-- com.das.validation.ECommerceValidation -->
