<?xml version="1.0" encoding="UTF-8"?>
<!-- Generated by org.testng.reporters.JUnitReportReporter -->
<testsuite hostname="dasg16" failures="0" tests="2" name="com.das.validation.ECommerceValidation" time="123.496" errors="0" timestamp="2023-07-29T10:49:22 EDT" skipped="0">
  <testcase classname="com.das.validation.ECommerceValidation" name="FillForm" time="77.444"/>
  <system-out/>
  <testcase classname="com.das.validation.ECommerceValidation" name="FillForm" time="46.052"/>
  <system-out/>
</testsuite> <!-- com.das.validation.ECommerceValidation -->
